::1 - - [22/May/2018:07:17:15 +0000] "GET /use HTTP/1.1" 404 1212
::1 - - [22/May/2018:07:17:20 +0000] "GET / HTTP/1.1" 304 -
GET / 304 - - 4.473 ms
GET / 304 - - 1.492 ms
::1 - - [22/May/2018:07:31:39 +0000] "GET /usr HTTP/1.1" 404 1212
::1 - - [22/May/2018:07:32:31 +0000] "GET /usr HTTP/1.1" 404 1212
::1 - - [22/May/2018:07:32:58 +0000] "GET /usr HTTP/1.1" 404 1212
::1 - - [22/May/2018:07:38:48 +0000] "GET /usr HTTP/1.1" 404 281
::1 - - [22/May/2018:07:39:06 +0000] "GET /usr HTTP/1.1" 404 284
::1 - - [22/May/2018:07:40:12 +0000] "GET /usr HTTP/1.1" 404 1461
::1 - - [22/May/2018:07:40:54 +0000] "GET /usr HTTP/1.1" 404 1475
::1 - - [22/May/2018:07:41:00 +0000] "GET /usr HTTP/1.1" 404 284
::1 - - [22/May/2018:07:41:50 +0000] "GET /usr HTTP/1.1" 404 329
::1 - - [22/May/2018:07:41:57 +0000] "GET /usr HTTP/1.1" 404 329
::1 - - [22/May/2018:07:42:19 +0000] "GET /usr HTTP/1.1" 404 412
::1 - - [22/May/2018:07:42:28 +0000] "GET / HTTP/1.1" 304 -
::1 - - [23/May/2018:10:08:28 +0000] "GET / HTTP/1.1" 200 221
::1 - - [23/May/2018:10:08:28 +0000] "GET /favicon.ico HTTP/1.1" 404 414
::1 - - [23/May/2018:10:08:33 +0000] "GET /activity/demo/ HTTP/1.1" 200 320
::1 - - [23/May/2018:10:08:45 +0000] "GET /activity/demo/index.html HTTP/1.1" 200 320
::1 - - [23/May/2018:10:10:28 +0000] "GET /activity/demo/index.html HTTP/1.1" 200 341
::1 - - [23/May/2018:10:10:28 +0000] "GET //activity/demo/index.bundle.7be50d.js HTTP/1.1" 404 414
::1 - - [23/May/2018:10:10:54 +0000] "GET /activity/demo/index.bundle.7be50d.js HTTP/1.1" 200 51183
::1 - - [23/May/2018:10:11:10 +0000] "GET /activity/demo/index.html HTTP/1.1" 200 341
::1 - - [23/May/2018:10:11:10 +0000] "GET //activity/demo/index.bundle.b0ce90.js HTTP/1.1" 404 414
::1 - - [28/May/2018:07:46:35 +0000] "GET / HTTP/1.1" 404 414
::1 - - [28/May/2018:07:46:39 +0000] "GET / HTTP/1.1" 404 414
::1 - - [28/May/2018:07:46:40 +0000] "GET / HTTP/1.1" 404 414
::1 - - [28/May/2018:07:46:40 +0000] "GET / HTTP/1.1" 404 414
::1 - - [28/May/2018:07:46:40 +0000] "GET / HTTP/1.1" 404 414
::1 - - [28/May/2018:07:47:48 +0000] "GET / HTTP/1.1" 404 414
::1 - - [28/May/2018:07:47:49 +0000] "GET / HTTP/1.1" 404 414
::1 - - [28/May/2018:07:47:49 +0000] "GET / HTTP/1.1" 404 414
::1 - - [28/May/2018:07:47:50 +0000] "GET / HTTP/1.1" 404 414
::1 - - [28/May/2018:07:47:50 +0000] "GET / HTTP/1.1" 404 414
::1 - - [28/May/2018:07:47:50 +0000] "GET / HTTP/1.1" 404 414
::1 - - [28/May/2018:07:47:50 +0000] "GET / HTTP/1.1" 404 414
::1 - - [28/May/2018:07:50:36 +0000] "GET / HTTP/1.1" 404 414
::1 - - [28/May/2018:07:50:42 +0000] "GET /activity/demo/ HTTP/1.1" 404 414
::1 - - [28/May/2018:07:50:46 +0000] "GET / HTTP/1.1" 404 414
::1 - - [28/May/2018:08:01:39 +0000] "GET / HTTP/1.1" 404 414
::1 - - [28/May/2018:08:01:41 +0000] "GET / HTTP/1.1" 404 414
::1 - - [28/May/2018:08:02:34 +0000] "GET / HTTP/1.1" 404 414
::1 - - [28/May/2018:08:03:03 +0000] "GET / HTTP/1.1" 404 139
::1 - - [28/May/2018:08:03:04 +0000] "GET / HTTP/1.1" 404 139
::1 - - [28/May/2018:08:06:32 +0000] "GET / HTTP/1.1" 404 414
::1 - - [28/May/2018:08:08:24 +0000] "GET / HTTP/1.1" 200 4
::1 - - [28/May/2018:08:12:07 +0000] "GET / HTTP/1.1" 500 420
::1 - - [28/May/2018:08:15:38 +0000] "GET / HTTP/1.1" 500 420
::1 - - [28/May/2018:08:17:17 +0000] "GET / HTTP/1.1" 500 420
::1 - - [28/May/2018:08:23:15 +0000] "GET / HTTP/1.1" 500 420
::1 - - [28/May/2018:08:34:23 +0000] "GET / HTTP/1.1" 500 420
::1 - - [28/May/2018:08:34:26 +0000] "GET / HTTP/1.1" 500 420
::1 - - [28/May/2018:08:34:26 +0000] "GET / HTTP/1.1" 500 420
::1 - - [28/May/2018:08:34:26 +0000] "GET / HTTP/1.1" 500 420
::1 - - [28/May/2018:08:35:19 +0000] "GET / HTTP/1.1" 200 7
::1 - - [28/May/2018:08:38:13 +0000] "GET / HTTP/1.1" 500 86
::1 - - [28/May/2018:08:38:19 +0000] "GET / HTTP/1.1" 500 -
::1 - - [28/May/2018:08:46:55 +0000] "GET / HTTP/1.1" 500 -
::1 - - [28/May/2018:08:48:33 +0000] "GET / HTTP/1.1" 500 420
::1 - - [28/May/2018:09:21:55 +0000] "GET / HTTP/1.1" 404 414
::1 - - [28/May/2018:09:22:30 +0000] "GET / HTTP/1.1" 200 30
::1 - - [31/May/2018:09:18:32 +0000] "GET / HTTP/1.1" 404 414
::1 - - [31/May/2018:09:18:32 +0000] "GET /favicon.ico HTTP/1.1" 404 414
::1 - - [31/May/2018:09:19:27 +0000] "GET / HTTP/1.1" 404 414
::1 - - [31/May/2018:09:19:29 +0000] "GET / HTTP/1.1" 404 414
::1 - - [31/May/2018:09:20:39 +0000] "GET / HTTP/1.1" 404 214
::1 - - [31/May/2018:09:26:12 +0000] "GET / HTTP/1.1" 404 414
::1 - - [31/May/2018:09:26:33 +0000] "GET / HTTP/1.1" 200 221
::1 - - [31/May/2018:09:26:35 +0000] "GET / HTTP/1.1" 304 -
::1 - - [31/May/2018:09:26:44 +0000] "GET / HTTP/1.1" 200 221
::1 - - [31/May/2018:09:27:10 +0000] "GET / HTTP/1.1" 304 -
::1 - - [31/May/2018:09:27:11 +0000] "GET / HTTP/1.1" 304 -
::1 - - [31/May/2018:09:27:56 +0000] "GET / HTTP/1.1" 304 -
::1 - - [31/May/2018:09:28:13 +0000] "GET / HTTP/1.1" 304 -
::1 - - [31/May/2018:09:28:39 +0000] "GET / HTTP/1.1" 200 235
::1 - - [31/May/2018:09:33:16 +0000] "GET / HTTP/1.1" 200 225
::1 - - [31/May/2018:09:33:34 +0000] "GET / HTTP/1.1" 404 414
::1 - - [31/May/2018:09:36:28 +0000] "GET / HTTP/1.1" 404 414
::1 - - [31/May/2018:09:39:53 +0000] "GET / HTTP/1.1" 404 414
::1 - - [31/May/2018:09:40:27 +0000] "GET / HTTP/1.1" 404 414
::1 - - [31/May/2018:09:42:32 +0000] "GET / HTTP/1.1" 404 414
::1 - - [31/May/2018:09:42:51 +0000] "GET / HTTP/1.1" 404 214
::1 - - [31/May/2018:09:54:12 +0000] "GET / HTTP/1.1" 404 139
::1 - - [31/May/2018:09:54:36 +0000] "GET / HTTP/1.1" 404 139
::1 - - [31/May/2018:09:55:00 +0000] "GET / HTTP/1.1" 404 139
::1 - - [31/May/2018:09:56:57 +0000] "GET / HTTP/1.1" 500 1328
::1 - - [31/May/2018:09:57:24 +0000] "GET / HTTP/1.1" 500 1353
::1 - - [31/May/2018:09:58:19 +0000] "GET / HTTP/1.1" 500 1353
::1 - - [31/May/2018:10:00:20 +0000] "GET / HTTP/1.1" 500 1353
